<?xml version="1.0" encoding="UTF-8"?>
<!-- Generated by org.testng.reporters.JUnitReportReporter -->
<testsuite hostname="DESKTOP-U0DBK05" failures="0" tests="4" name="Main" time="21.999" errors="0" timestamp="2025-10-04T11:44:40 EEST" skipped="0">
  <testcase classname="Main" name="testcase2" time="8.746"/>
  <testcase classname="Main" name="testcase1" time="6.539"/>
  <testcase classname="Main" name="testcase1" time="3.387"/>
  <testcase classname="Main" name="testcase2" time="3.327"/>
</testsuite> <!-- Main -->
